<?xml version="1.0" encoding="UTF-8"?>
<!-- Generated by org.testng.reporters.JUnitReportReporter -->
<testsuite skipped="0" hostname="EVT03076NB" name="cucumber.PetClinicCucumberTest" tests="1" failures="0" timestamp="10 Kas 2021 08:58:36 GMT" time="5.206" errors="0">
  <testcase name="runScenario" time="5.206" classname="cucumber.PetClinicCucumberTest"/>
</testsuite> <!-- cucumber.PetClinicCucumberTest -->
