<?xml version="1.0" encoding="UTF-8"?>
<!-- Generated by org.testng.reporters.JUnitReportReporter -->
<testsuite skipped="0" hostname="EVT03076NB" name="cucumber.PetClinicCucumberTest" tests="2" failures="0" timestamp="10 Kas 2021 13:08:36 GMT" time="7.090" errors="0">
  <testcase name="runScenario" time="2.176" classname="cucumber.PetClinicCucumberTest"/>
  <testcase name="runScenario" time="4.914" classname="cucumber.PetClinicCucumberTest"/>
</testsuite> <!-- cucumber.PetClinicCucumberTest -->
