<?xml version="1.0" encoding="UTF-8"?>
<!-- Generated by org.testng.reporters.JUnitReportReporter -->
<testsuite skipped="0" hostname="EVT03076NB" name="org.springframework.samples.newtest.NewTest" tests="2" failures="0" timestamp="10 Kas 2021 07:01:33 GMT" time="1.382" errors="0">
  <testcase name="homepage" time="0.267" classname="org.springframework.samples.newtest.NewTest"/>
  <testcase name="veterinarians" time="1.115" classname="org.springframework.samples.newtest.NewTest"/>
</testsuite> <!-- org.springframework.samples.newtest.NewTest -->
